flex version 2.5.35 Apple(flex-31) usage statistics:
  scanner options: -dsvI8 -Cem -oyylex.cc
  76/2000 NFA states
  26/1000 DFA states (114 words)
  12 rules
  Compressed tables always back-up
  1/40 start conditions
  53 epsilon states, 28 double epsilon states
  13/100 character classes needed 163/500 words of storage, 0 reused
  80 state/nextstate pairs created
  51/29 unique/duplicate transitions
  30/1000 base-def entries created
  53/2000 (peak 65) nxt-chk entries created
  20/2500 (peak 56) template nxt-chk entries created
  0 empty table entries
  5 protos created
  4 templates created, 5 uses
  14/256 equivalence classes created
  5/256 meta-equivalence classes created
  0 (3 saved) hash collisions, 28 DFAs equal
  0 sets of reallocations needed
  436 total table entries needed
