--(end of buffer or a NUL)
--accepting rule at line 36 ("# 1 "01-hello.oc"")
--accepting rule at line 38 ("
")
--accepting rule at line 36 ("# 1 "<command-line>"")
--accepting rule at line 38 ("
")
--accepting rule at line 36 ("# 1 "/usr/include/stdc-predef.h" 1 3 4")
--accepting rule at line 38 ("
")
--accepting rule at line 36 ("# 1 "<command-line>" 2")
--accepting rule at line 38 ("
")
--accepting rule at line 36 ("# 1 "01-hello.oc"")
--accepting rule at line 38 ("
")
--accepting rule at line 38 ("
")
--accepting rule at line 38 ("
")
--accepting rule at line 38 ("
")
--accepting rule at line 36 ("# 1 "oclib.oh" 1")
--accepting rule at line 38 ("
")
--accepting rule at line 36 ("# 30 "oclib.oh"")
--accepting rule at line 38 ("
")
--accepting rule at line 41 ("void")
--accepting rule at line 37 (" ")
--accepting rule at line 41 ("__assert_fail")
--accepting rule at line 37 (" ")
--accepting rule at line 56 ("(")
--accepting rule at line 41 ("string")
--accepting rule at line 37 (" ")
--accepting rule at line 41 ("expr")
--accepting rule at line 62 (",")
--accepting rule at line 37 (" ")
--accepting rule at line 41 ("string")
--accepting rule at line 37 (" ")
--accepting rule at line 41 ("file")
--accepting rule at line 62 (",")
--accepting rule at line 37 (" ")
--accepting rule at line 41 ("int")
--accepting rule at line 37 (" ")
--accepting rule at line 41 ("line")
--accepting rule at line 57 (")")
--accepting rule at line 58 (";")
--accepting rule at line 38 ("
")
--accepting rule at line 38 ("
")
--accepting rule at line 38 ("
")
--accepting rule at line 41 ("void")
--accepting rule at line 37 (" ")
--accepting rule at line 41 ("putb")
--accepting rule at line 37 (" ")
--accepting rule at line 56 ("(")
--accepting rule at line 41 ("bool")
--accepting rule at line 37 (" ")
--accepting rule at line 41 ("b")
--accepting rule at line 57 (")")
--accepting rule at line 58 (";")
--accepting rule at line 38 ("
")
--accepting rule at line 41 ("void")
--accepting rule at line 37 (" ")
--accepting rule at line 41 ("putc")
--accepting rule at line 37 (" ")
--accepting rule at line 56 ("(")
--accepting rule at line 41 ("char")
--accepting rule at line 37 (" ")
--accepting rule at line 41 ("c")
--accepting rule at line 57 (")")
--accepting rule at line 58 (";")
--accepting rule at line 38 ("
")
--accepting rule at line 41 ("void")
--accepting rule at line 37 (" ")
--accepting rule at line 41 ("puti")
--accepting rule at line 37 (" ")
--accepting rule at line 56 ("(")
--accepting rule at line 41 ("int")
--accepting rule at line 37 (" ")
--accepting rule at line 41 ("i")
--accepting rule at line 57 (")")
--accepting rule at line 58 (";")
--accepting rule at line 38 ("
")
--accepting rule at line 41 ("void")
--accepting rule at line 37 (" ")
--accepting rule at line 41 ("puts")
--accepting rule at line 37 (" ")
--accepting rule at line 56 ("(")
--accepting rule at line 41 ("string")
--accepting rule at line 37 (" ")
--accepting rule at line 41 ("s")
--accepting rule at line 57 (")")
--accepting rule at line 58 (";")
--accepting rule at line 38 ("
")
--accepting rule at line 41 ("void")
--accepting rule at line 37 (" ")
--accepting rule at line 41 ("endl")
--accepting rule at line 37 (" ")
--accepting rule at line 56 ("(")
--accepting rule at line 57 (")")
--accepting rule at line 58 (";")
--accepting rule at line 38 ("
")
--accepting rule at line 41 ("int")
--accepting rule at line 37 (" ")
--accepting rule at line 41 ("getc")
--accepting rule at line 37 (" ")
--accepting rule at line 56 ("(")
--accepting rule at line 57 (")")
--accepting rule at line 58 (";")
--accepting rule at line 38 ("
")
--accepting rule at line 41 ("string")
--accepting rule at line 37 (" ")
--accepting rule at line 41 ("getw")
--accepting rule at line 37 (" ")
--accepting rule at line 56 ("(")
--accepting rule at line 57 (")")
--accepting rule at line 58 (";")
--accepting rule at line 38 ("
")
--accepting rule at line 41 ("string")
--accepting rule at line 37 (" ")
--accepting rule at line 41 ("getln")
--accepting rule at line 37 (" ")
--accepting rule at line 56 ("(")
--accepting rule at line 57 (")")
--accepting rule at line 58 (";")
--accepting rule at line 38 ("
")
--accepting rule at line 41 ("string")
--accepting rule at line 44 ("[]")
--accepting rule at line 37 (" ")
--accepting rule at line 41 ("getargv")
--accepting rule at line 37 (" ")
--accepting rule at line 56 ("(")
--accepting rule at line 57 (")")
--accepting rule at line 58 (";")
--accepting rule at line 38 ("
")
--accepting rule at line 41 ("void")
--accepting rule at line 37 (" ")
--accepting rule at line 41 ("exit")
--accepting rule at line 37 (" ")
--accepting rule at line 56 ("(")
--accepting rule at line 41 ("int")
--accepting rule at line 37 (" ")
--accepting rule at line 41 ("status")
--accepting rule at line 57 (")")
--accepting rule at line 58 (";")
--accepting rule at line 38 ("
")
--accepting rule at line 36 ("# 5 "01-hello.oc" 2")
--accepting rule at line 38 ("
")
--accepting rule at line 38 ("
")
--accepting rule at line 41 ("puts")
--accepting rule at line 37 (" ")
--accepting rule at line 56 ("(")
--accepting rule at line 43 (""Hello, world!\n"")
--accepting rule at line 57 (")")
--accepting rule at line 58 (";")
--accepting rule at line 38 ("
")
--(end of buffer or a NUL)
--EOF (start condition 0)
