astree.o:
     $Id: auxlib.h,v 1.2 2013-09-19 19:55:32-07 - - $
     $Id: astree.h,v 1.3 2013-09-20 12:23:31-07 - - $
     $Id: lyutils.h,v 1.5 2013-10-10 18:17:45-07 - - $
     $Id: astree.cc,v 1.14 2013-10-10 18:48:18-07 - - $
     $Compiled: astree.cc Nov  3 2014 16:53:23 $

lyutils.o:
     $Id: auxlib.h,v 1.2 2013-09-19 19:55:32-07 - - $
     $Id: astree.h,v 1.3 2013-09-20 12:23:31-07 - - $
     $Id: lyutils.h,v 1.5 2013-10-10 18:17:45-07 - - $
     $Id: lyutils.cc,v 1.3 2013-10-10 18:17:45-07 - - $
     $Compiled: lyutils.cc Nov  3 2014 16:53:23 $

auxlib.o:
     $Id: auxlib.h,v 1.2 2013-09-19 19:55:32-07 - - $
     $Id: auxlib.cc,v 1.3 2013-09-20 17:52:13-07 - - $
     $Compiled: auxlib.cc Nov  3 2014 16:46:26 $

stringset.o:

main.o:
     $Id: auxlib.h,v 1.2 2013-09-19 19:55:32-07 - - $
     $Id: astree.h,v 1.3 2013-09-20 12:23:31-07 - - $
     $Id: lyutils.h,v 1.5 2013-10-10 18:17:45-07 - - $

yylex.o:
     $Id: auxlib.h,v 1.2 2013-09-19 19:55:32-07 - - $
     $Id: astree.h,v 1.3 2013-09-20 12:23:31-07 - - $
     $Id: lyutils.h,v 1.5 2013-10-10 18:17:45-07 - - $

yyparse.o:
     $Id: auxlib.h,v 1.2 2013-09-19 19:55:32-07 - - $
     $Id: astree.h,v 1.3 2013-09-20 12:23:31-07 - - $
     $Id: lyutils.h,v 1.5 2013-10-10 18:17:45-07 - - $
     $Id: parser.y,v 1.5 2013-10-10 18:48:18-07 - - $
     $Compiled: parser.y Nov  3 2014 16:53:24 $

zexprsm:
     $Id: auxlib.h,v 1.2 2013-09-19 19:55:32-07 - - $
     $Id: astree.h,v 1.3 2013-09-20 12:23:31-07 - - $
     $Id: lyutils.h,v 1.5 2013-10-10 18:17:45-07 - - $
     $Id: astree.cc,v 1.14 2013-10-10 18:48:18-07 - - $
     $Compiled: astree.cc Nov  3 2014 16:53:23 $
     $Id: auxlib.h,v 1.2 2013-09-19 19:55:32-07 - - $
     $Id: astree.h,v 1.3 2013-09-20 12:23:31-07 - - $
     $Id: lyutils.h,v 1.5 2013-10-10 18:17:45-07 - - $
     $Id: lyutils.cc,v 1.3 2013-10-10 18:17:45-07 - - $
     $Compiled: lyutils.cc Nov  3 2014 16:53:23 $
     $Id: auxlib.h,v 1.2 2013-09-19 19:55:32-07 - - $
     $Id: auxlib.cc,v 1.3 2013-09-20 17:52:13-07 - - $
     $Compiled: auxlib.cc Nov  3 2014 16:46:26 $
     $Id: auxlib.h,v 1.2 2013-09-19 19:55:32-07 - - $
     $Id: astree.h,v 1.3 2013-09-20 12:23:31-07 - - $
     $Id: lyutils.h,v 1.5 2013-10-10 18:17:45-07 - - $
     $Id: auxlib.h,v 1.2 2013-09-19 19:55:32-07 - - $
     $Id: astree.h,v 1.3 2013-09-20 12:23:31-07 - - $
     $Id: lyutils.h,v 1.5 2013-10-10 18:17:45-07 - - $
     $Id: auxlib.h,v 1.2 2013-09-19 19:55:32-07 - - $
     $Id: astree.h,v 1.3 2013-09-20 12:23:31-07 - - $
     $Id: lyutils.h,v 1.5 2013-10-10 18:17:45-07 - - $
     $Id: parser.y,v 1.5 2013-10-10 18:48:18-07 - - $
     $Compiled: parser.y Nov  3 2014 16:53:24 $
