astree.o:
     $Id: auxlib.h,v 1.2 2013-09-19 19:55:32-07 - - $
     $Id: astree.h,v 1.3 2013-09-20 12:23:31-07 - - $
     $Id: stringset.h,v 1.5 2013-09-23 14:16:09-07 - - $
     $Id: lyutils.h,v 1.5 2013-10-10 18:17:45-07 - - $
     $Id: astree.cc,v 1.14 2013-10-10 18:48:18-07 - - $
     $Compiled: astree.cc Oct 20 2014 12:42:47 $

emit.o:
     $Id: auxlib.h,v 1.2 2013-09-19 19:55:32-07 - - $
     $Id: astree.h,v 1.3 2013-09-20 12:23:31-07 - - $
     $Id: emit.h,v 1.1 2013-09-19 16:38:25-07 - - $
     $Id: lyutils.h,v 1.5 2013-10-10 18:17:45-07 - - $
     $Id: emit.cc,v 1.3 2013-09-20 17:52:13-07 - - $
     $Compiled: emit.cc Oct 20 2014 12:42:47 $

lyutils.o:
     $Id: auxlib.h,v 1.2 2013-09-19 19:55:32-07 - - $
     $Id: astree.h,v 1.3 2013-09-20 12:23:31-07 - - $
     $Id: lyutils.h,v 1.5 2013-10-10 18:17:45-07 - - $
     $Id: lyutils.cc,v 1.3 2013-10-10 18:17:45-07 - - $
     $Compiled: lyutils.cc Oct 20 2014 12:42:47 $

auxlib.o:
     $Id: auxlib.h,v 1.2 2013-09-19 19:55:32-07 - - $
     $Id: auxlib.cc,v 1.3 2013-09-20 17:52:13-07 - - $
     $Compiled: auxlib.cc Oct 20 2014 12:42:47 $

stringset.o:
     $Id: auxlib.h,v 1.2 2013-09-19 19:55:32-07 - - $
     $Id: stringset.h,v 1.5 2013-09-23 14:16:09-07 - - $
     $Id: stringset.cc,v 1.6 2013-10-10 17:44:18-07 - - $
     $Compiled: stringset.cc Oct 20 2014 12:42:47 $

main.o:
     $Id: auxlib.h,v 1.2 2013-09-19 19:55:32-07 - - $
     $Id: astree.h,v 1.3 2013-09-20 12:23:31-07 - - $
     $Id: emit.h,v 1.1 2013-09-19 16:38:25-07 - - $
     $Id: lyutils.h,v 1.5 2013-10-10 18:17:45-07 - - $
     $Id: stringset.h,v 1.5 2013-09-23 14:16:09-07 - - $
     $Id: main.cc,v 1.4 2013-09-20 17:52:13-07 - - $
     $Compiled: main.cc Oct 20 2014 12:42:48 $

yylex.o:
     $Id: auxlib.h,v 1.2 2013-09-19 19:55:32-07 - - $
     $Id: astree.h,v 1.3 2013-09-20 12:23:31-07 - - $
     $Id: lyutils.h,v 1.5 2013-10-10 18:17:45-07 - - $
     $Id: scanner.l,v 1.3 2013-10-15 16:37:56-07 - - $
     $Compiled: scanner.l Oct 20 2014 12:42:48 $

yyparse.o:
     $Id: auxlib.h,v 1.2 2013-09-19 19:55:32-07 - - $
     $Id: astree.h,v 1.3 2013-09-20 12:23:31-07 - - $
     $Id: lyutils.h,v 1.5 2013-10-10 18:17:45-07 - - $
     $Id: parser.y,v 1.5 2013-10-10 18:48:18-07 - - $
     $Compiled: parser.y Oct 20 2014 12:42:48 $

zexprsm:
     $Id: auxlib.h,v 1.2 2013-09-19 19:55:32-07 - - $
     $Id: astree.h,v 1.3 2013-09-20 12:23:31-07 - - $
     $Id: stringset.h,v 1.5 2013-09-23 14:16:09-07 - - $
     $Id: lyutils.h,v 1.5 2013-10-10 18:17:45-07 - - $
     $Id: astree.cc,v 1.14 2013-10-10 18:48:18-07 - - $
     $Compiled: astree.cc Oct 20 2014 12:42:47 $
     $Id: auxlib.h,v 1.2 2013-09-19 19:55:32-07 - - $
     $Id: astree.h,v 1.3 2013-09-20 12:23:31-07 - - $
     $Id: emit.h,v 1.1 2013-09-19 16:38:25-07 - - $
     $Id: lyutils.h,v 1.5 2013-10-10 18:17:45-07 - - $
     $Id: emit.cc,v 1.3 2013-09-20 17:52:13-07 - - $
     $Compiled: emit.cc Oct 20 2014 12:42:47 $
     $Id: auxlib.h,v 1.2 2013-09-19 19:55:32-07 - - $
     $Id: astree.h,v 1.3 2013-09-20 12:23:31-07 - - $
     $Id: lyutils.h,v 1.5 2013-10-10 18:17:45-07 - - $
     $Id: lyutils.cc,v 1.3 2013-10-10 18:17:45-07 - - $
     $Compiled: lyutils.cc Oct 20 2014 12:42:47 $
     $Id: auxlib.h,v 1.2 2013-09-19 19:55:32-07 - - $
     $Id: auxlib.cc,v 1.3 2013-09-20 17:52:13-07 - - $
     $Compiled: auxlib.cc Oct 20 2014 12:42:47 $
     $Id: auxlib.h,v 1.2 2013-09-19 19:55:32-07 - - $
     $Id: stringset.h,v 1.5 2013-09-23 14:16:09-07 - - $
     $Id: stringset.cc,v 1.6 2013-10-10 17:44:18-07 - - $
     $Compiled: stringset.cc Oct 20 2014 12:42:47 $
     $Id: auxlib.h,v 1.2 2013-09-19 19:55:32-07 - - $
     $Id: astree.h,v 1.3 2013-09-20 12:23:31-07 - - $
     $Id: emit.h,v 1.1 2013-09-19 16:38:25-07 - - $
     $Id: lyutils.h,v 1.5 2013-10-10 18:17:45-07 - - $
     $Id: stringset.h,v 1.5 2013-09-23 14:16:09-07 - - $
     $Id: main.cc,v 1.4 2013-09-20 17:52:13-07 - - $
     $Compiled: main.cc Oct 20 2014 12:42:48 $
     $Id: auxlib.h,v 1.2 2013-09-19 19:55:32-07 - - $
     $Id: astree.h,v 1.3 2013-09-20 12:23:31-07 - - $
     $Id: lyutils.h,v 1.5 2013-10-10 18:17:45-07 - - $
     $Id: scanner.l,v 1.3 2013-10-15 16:37:56-07 - - $
     $Compiled: scanner.l Oct 20 2014 12:42:48 $
     $Id: auxlib.h,v 1.2 2013-09-19 19:55:32-07 - - $
     $Id: astree.h,v 1.3 2013-09-20 12:23:31-07 - - $
     $Id: lyutils.h,v 1.5 2013-10-10 18:17:45-07 - - $
     $Id: parser.y,v 1.5 2013-10-10 18:48:18-07 - - $
     $Compiled: parser.y Oct 20 2014 12:42:48 $
